
> Configure project :app
output file name: PokeClaw_v0.6.12_20260502_053857.apk
output file name: PokeClaw_v0.6.12_20260502_053857.apk

> Task :app:injectBuildFingerprint
> Task :app:preBuild
> Task :app:preDebugBuild
> Task :app:generateDebugBuildConfig
> Task :app:generateDebugResources UP-TO-DATE
> Task :app:packageDebugResources UP-TO-DATE
> Task :app:processDebugNavigationResources UP-TO-DATE
> Task :app:parseDebugLocalResources UP-TO-DATE
> Task :app:generateDebugRFile UP-TO-DATE
> Task :app:javaPreCompileDebug UP-TO-DATE
> Task :app:checkDebugAarMetadata UP-TO-DATE
> Task :app:mapDebugSourceSetPaths UP-TO-DATE
> Task :app:compileDebugNavigationResources UP-TO-DATE
> Task :app:mergeDebugResources UP-TO-DATE
> Task :app:createDebugCompatibleScreenManifests
> Task :app:extractDeepLinksDebug UP-TO-DATE
> Task :app:processDebugMainManifest UP-TO-DATE
> Task :app:processDebugManifest
> Task :app:processDebugManifestForPackage UP-TO-DATE
> Task :app:preDebugAndroidTestBuild SKIPPED
> Task :app:extractProguardFiles
> Task :app:preDebugUnitTestBuild
> Task :app:processDebugResources

> Task :app:compileDebugKotlin
w: file:///app/app/src/main/java/io/agents/pokeclaw/debug/DebugTaskReceiver.kt:170:48 'fun get(p0: String!): Any?' is deprecated. Deprecated in Java.
w: file:///app/app/src/main/java/io/agents/pokeclaw/server/ConfigServer.kt:322:28 'val parms: (Mutable)Map<String!, String!>!' is deprecated. Deprecated in Java.
w: file:///app/app/src/main/java/io/agents/pokeclaw/ui/settings/SettingsActivity.kt:88:16 'var statusBarColor: Int' is deprecated. Deprecated in Java.
w: file:///app/app/src/main/java/io/agents/pokeclaw/ui/settings/SettingsActivity.kt:664:29 'when' is exhaustive so 'else' is redundant here.

> Task :app:compileDebugJavaWithJavac
> Task :app:bundleDebugClassesToCompileJar
> Task :app:generateDebugLintReportModel
> Task :app:generateDebugAndroidTestLintModel
> Task :app:generateDebugUnitTestLintModel
> Task :app:lintAnalyzeDebugAndroidTest
> Task :app:lintAnalyzeDebugUnitTest
> Task :app:lintAnalyzeDebug

> Task :app:lintReportDebug
Wrote HTML report to file:///app/app/build/reports/lint-results-debug.html

> Task :app:lintDebug
> Task :app:lint

BUILD SUCCESSFUL in 2m 12s
30 actionable tasks: 17 executed, 13 up-to-date
